2022-09-16 17:32:31.597 | DEBUG    | apis.scaffold.install:run:47 - 正在下载系统依赖
2022-09-16 17:32:31.597 | DEBUG    | apis.scaffold.install:_download_driver:26 - 适配 ChromeDriver...
2022-09-16 17:32:32.170 | SUCCESS  | apis.scaffold.install:run:53 - 系统依赖下载完毕
2022-09-16 17:33:45.073 | SUCCESS  | services.sspanel_mining.sspanel_collector:anti_recaptcha:69 - Handle Audio - path_audio_wav=`/home/runner/work/airportMining/airportMining/src/database/temp_cache/_audio/audio_1663320824.wav`
2022-09-16 17:33:45.627 | SUCCESS  | services.sspanel_mining.sspanel_collector:anti_recaptcha:78 - Parse Audio - answer=`snowing outside`
2022-09-16 17:35:35.854 | SUCCESS  | services.sspanel_mining.sspanel_collector:anti_recaptcha:69 - Handle Audio - path_audio_wav=`/home/runner/work/airportMining/airportMining/src/database/temp_cache/_audio/audio_1663320935.wav`
2022-09-16 17:35:37.113 | DEBUG    | services.sspanel_mining.sspanel_classifier:__init__:17 - 本机代理状态 PROXY={}
2022-09-16 17:35:37.122 | WARNING  | services.sspanel_mining.sspanel_classifier:_fall_danger:130 - 危险通信 - [__pending__] url=http://u7na.mwywi.jqxu1.99xg3e6.porolink.one/auth/register
2022-09-16 17:35:37.123 | WARNING  | services.sspanel_mining.sspanel_classifier:_fall_danger:130 - 危险通信 - [__pending__] url=http://byjc.pro/auth/register
2022-09-16 17:35:37.143 | WARNING  | services.sspanel_mining.sspanel_classifier:_fall_danger:130 - 危险通信 - [__pending__] url=http://ssd.dandaner.com/auth/register
2022-09-16 17:35:37.161 | WARNING  | services.sspanel_mining.sspanel_classifier:_fall_danger:130 - 危险通信 - [__pending__] url=http://sccove.com/auth/register
2022-09-16 17:35:37.168 | WARNING  | services.sspanel_mining.sspanel_classifier:_fall_danger:130 - 危险通信 - [__pending__] url=http://online.su147.com/auth/register
2022-09-16 17:35:37.175 | WARNING  | services.sspanel_mining.sspanel_classifier:_fall_danger:130 - 危险通信 - [__pending__] url=http://www.kmlab.cc/auth/register
2022-09-16 17:35:37.175 | WARNING  | services.sspanel_mining.sspanel_classifier:_fall_danger:130 - 危险通信 - [16/220] url=http://www.syvpn.buzz/auth/register
2022-09-16 17:35:37.419 | INFO     | services.sspanel_mining.sspanel_classifier:_fall_register_limit_by_email:75 - 限制注册 - [23/220] url=https://zhqsm.icu/auth/register
2022-09-16 17:35:37.450 | INFO     | services.sspanel_mining.sspanel_classifier:_fall_register_limit_by_email:75 - 限制注册 - [24/220] url=https://a.wanna-free.best/auth/register
2022-09-16 17:35:37.493 | SUCCESS  | services.sspanel_mining.sspanel_classifier:_fine_node:121 - 实例正常 - [25/220] url=https://www.axcc.me/auth/register
2022-09-16 17:35:37.524 | SUCCESS  | services.sspanel_mining.sspanel_classifier:_fine_node:121 - 实例正常 - [26/220] url=https://sdmone.pro/auth/register
2022-09-16 17:35:37.574 | WARNING  | services.sspanel_mining.sspanel_classifier:_fall_register_closed:58 - 拒绝注册 - [27/220] url=https://www.linory.xyz/auth/register
2022-09-16 17:35:37.697 | SUCCESS  | services.sspanel_mining.sspanel_classifier:_fine_node:121 - 实例正常 - [28/220] url=https://www.ouer.me/auth/register
2022-09-16 17:35:37.724 | SUCCESS  | services.sspanel_mining.sspanel_classifier:_fine_node:121 - 实例正常 - [29/220] url=https://iqiaqia.xyz/auth/register
2022-09-16 17:35:37.738 | SUCCESS  | services.sspanel_mining.sspanel_classifier:_fine_node:121 - 实例正常 - [30/220] url=https://1.akkcloud1.com/auth/register
2022-09-16 17:35:37.848 | INFO     | services.sspanel_mining.sspanel_classifier:_fall_register_limit_by_code:95 - 限制注册 - [31/220] url=https://mod1.qsvpv.com/auth/register
2022-09-16 17:35:37.865 | SUCCESS  | services.sspanel_mining.sspanel_classifier:_fine_node:121 - 实例正常 - [32/220] url=https://www.wxret.com/auth/register
2022-09-16 17:35:37.884 | SUCCESS  | services.sspanel_mining.sspanel_classifier:_fine_node:121 - 实例正常 - [33/220] url=https://pxrua.com/auth/register
2022-09-16 17:35:37.901 | SUCCESS  | services.sspanel_mining.sspanel_classifier:_fine_node:121 - 实例正常 - [34/220] url=https://doggetech.com/auth/register
2022-09-16 17:35:37.948 | INFO     | services.sspanel_mining.sspanel_classifier:_fall_register_limit_by_email:75 - 限制注册 - [35/220] url=https://mxwljsq.com/auth/register
2022-09-16 17:35:37.948 | WARNING  | services.sspanel_mining.sspanel_classifier:_fall_danger:130 - 危险通信 - [36/220] url=http://imomo.site/auth/register
2022-09-16 17:35:37.976 | SUCCESS  | services.sspanel_mining.sspanel_classifier:_fine_node:121 - 实例正常 - [37/220] url=https://关于gfw娘是个小碧池这件事.我有一句mmp要讲.com/auth/register
2022-09-16 17:35:37.984 | ERROR    | services.sspanel_mining.sspanel_classifier:_fall_status:39 - 请求异常 - [38/220] url=https://www.soulss.cloud/auth/register
2022-09-16 17:35:38.018 | SUCCESS  | services.sspanel_mining.sspanel_classifier:_fine_node:121 - 实例正常 - [39/220] url=https://zhuzhu12.xyz/auth/register
2022-09-16 17:35:38.035 | WARNING  | services.sspanel_mining.sspanel_classifier:_fall_register_closed:58 - 拒绝注册 - [40/220] url=https://www.huojianyun.net/auth/register
2022-09-16 17:35:38.071 | SUCCESS  | services.sspanel_mining.sspanel_classifier:_fine_node:121 - 实例正常 - [41/220] url=https://oxopron.top/auth/register
2022-09-16 17:35:38.123 | WARNING  | services.sspanel_mining.sspanel_classifier:_fall_register_closed:58 - 拒绝注册 - [42/220] url=https://114514.unicom.icu/auth/register
2022-09-16 17:35:38.123 | WARNING  | services.sspanel_mining.sspanel_classifier:_fall_danger:130 - 危险通信 - [43/220] url=http://subrocket.xyz/auth/register
2022-09-16 17:35:38.210 | SUCCESS  | services.sspanel_mining.sspanel_classifier:_fine_node:121 - 实例正常 - [44/220] url=https://www.acrosslinehosting.com/auth/register
2022-09-16 17:35:38.225 | SUCCESS  | services.sspanel_mining.sspanel_classifier:_fine_node:121 - 实例正常 - [45/220] url=https://muguacloud.lol/auth/register
2022-09-16 17:35:38.288 | SUCCESS  | services.sspanel_mining.sspanel_classifier:_fine_node:121 - 实例正常 - [46/220] url=https://xxjc.in/auth/register
2022-09-16 17:35:38.305 | SUCCESS  | services.sspanel_mining.sspanel_classifier:_fine_node:121 - 实例正常 - [47/220] url=https://wocaovee.xyz/auth/register
2022-09-16 17:35:38.318 | INFO     | services.sspanel_mining.sspanel_classifier:_fall_register_limit_by_email:75 - 限制注册 - [48/220] url=https://www.zifaner.com/auth/register
2022-09-16 17:35:38.398 | INFO     | services.sspanel_mining.sspanel_classifier:_fall_register_limit_by_email:75 - 限制注册 - [49/220] url=https://yiyo.mobi/auth/register
2022-09-16 17:35:38.414 | INFO     | services.sspanel_mining.sspanel_classifier:_fall_register_limit_by_email:75 - 限制注册 - [50/220] url=https://www.onelight.cc/auth/register
2022-09-16 17:35:38.443 | SUCCESS  | services.sspanel_mining.sspanel_classifier:_fine_node:121 - 实例正常 - [51/220] url=https://bilii.org/auth/register
2022-09-16 17:35:38.494 | INFO     | services.sspanel_mining.sspanel_classifier:_fall_register_limit_by_email:75 - 限制注册 - [52/220] url=https://easier.site/auth/register
2022-09-16 17:35:38.646 | SUCCESS  | services.sspanel_mining.sspanel_classifier:_fine_node:121 - 实例正常 - [53/220] url=https://789vpn.top/auth/register
2022-09-16 17:35:38.664 | INFO     | services.sspanel_mining.sspanel_classifier:_fall_register_limit_by_code:95 - 限制注册 - [54/220] url=https://lanan.top/auth/register
2022-09-16 17:35:38.715 | INFO     | services.sspanel_mining.sspanel_classifier:_fall_register_limit_by_email:75 - 限制注册 - [55/220] url=https://miru.cloud/auth/register
2022-09-16 17:35:38.741 | INFO     | services.sspanel_mining.sspanel_classifier:_fall_register_limit_by_email:75 - 限制注册 - [56/220] url=https://nsfwcloud.com/auth/register
2022-09-16 17:35:38.757 | SUCCESS  | services.sspanel_mining.sspanel_classifier:_fine_node:121 - 实例正常 - [57/220] url=https://www.heduian.pw/auth/register
2022-09-16 17:35:38.771 | SUCCESS  | services.sspanel_mining.sspanel_classifier:_fine_node:121 - 实例正常 - [58/220] url=https://gogoo.cyou/auth/register
2022-09-16 17:35:38.771 | WARNING  | services.sspanel_mining.sspanel_classifier:_fall_danger:130 - 危险通信 - [59/220] url=http://ky00.top/auth/register
2022-09-16 17:35:38.771 | WARNING  | services.sspanel_mining.sspanel_classifier:_fall_danger:130 - 危险通信 - [60/220] url=http://www.pandabb.xyz/auth/register
2022-09-16 17:35:38.802 | SUCCESS  | services.sspanel_mining.sspanel_classifier:_fine_node:121 - 实例正常 - [61/220] url=https://少数人.moe/auth/register
2022-09-16 17:35:38.919 | SUCCESS  | services.sspanel_mining.sspanel_classifier:_fine_node:121 - 实例正常 - [62/220] url=https://geess.pw/auth/register
2022-09-16 17:35:38.956 | CRITICAL | services.sspanel_mining.sspanel_classifier:control_driver:211 - 危险通信 - [63/220] url=https://144.202.105.69/auth/register
2022-09-16 17:35:38.956 | WARNING  | services.sspanel_mining.sspanel_classifier:_fall_danger:130 - 危险通信 - [64/220] url=http://www.502jsq.com/auth/register
2022-09-16 17:35:39.050 | SUCCESS  | services.sspanel_mining.sspanel_classifier:_fine_node:121 - 实例正常 - [65/220] url=https://www.lico.club/auth/register
2022-09-16 17:35:39.073 | SUCCESS  | services.sspanel_mining.sspanel_classifier:_fine_node:121 - 实例正常 - [66/220] url=https://www.nsl-net.cc/auth/register
2022-09-16 17:35:39.089 | SUCCESS  | services.sspanel_mining.sspanel_classifier:_fine_node:121 - 实例正常 - [67/220] url=https://hivessr.com/auth/register
2022-09-16 17:35:39.154 | INFO     | services.sspanel_mining.sspanel_classifier:_fall_register_limit_by_email:75 - 限制注册 - [68/220] url=https://gamingssr.w0rkupa.me/auth/register
2022-09-16 17:35:39.207 | INFO     | services.sspanel_mining.sspanel_classifier:_fall_register_limit_by_code:95 - 限制注册 - [69/220] url=https://fook.us/auth/register
2022-09-16 17:35:39.264 | SUCCESS  | services.sspanel_mining.sspanel_classifier:_fine_node:121 - 实例正常 - [70/220] url=https://www.douluos.xyz/auth/register
2022-09-16 17:35:39.330 | SUCCESS  | services.sspanel_mining.sspanel_classifier:_fine_node:121 - 实例正常 - [71/220] url=https://panel.arrc.fun/auth/register
2022-09-16 17:35:39.440 | SUCCESS  | services.sspanel_mining.sspanel_classifier:_fine_node:121 - 实例正常 - [72/220] url=https://niee.cc/auth/register
2022-09-16 17:35:39.455 | INFO     | services.sspanel_mining.sspanel_classifier:_fall_register_limit_by_email:75 - 限制注册 - [73/220] url=https://www.marst1.com/auth/register
2022-09-16 17:35:39.456 | WARNING  | services.sspanel_mining.sspanel_classifier:_fall_danger:130 - 危险通信 - [74/220] url=http://www.10dcloud.xyz/auth/register
2022-09-16 17:35:39.484 | SUCCESS  | services.sspanel_mining.sspanel_classifier:_fine_node:121 - 实例正常 - [75/220] url=https://kakayun.xyz/auth/register
2022-09-16 17:35:39.509 | WARNING  | services.sspanel_mining.sspanel_classifier:_fall_register_closed:58 - 拒绝注册 - [76/220] url=https://www.bigfeng.club/auth/register
2022-09-16 17:35:39.509 | WARNING  | services.sspanel_mining.sspanel_classifier:_fall_danger:130 - 危险通信 - [77/220] url=http://v2cloud.site/auth/register
2022-09-16 17:35:39.527 | SUCCESS  | services.sspanel_mining.sspanel_classifier:_fine_node:121 - 实例正常 - [78/220] url=https://www.mxyssr.fun/auth/register
2022-09-16 17:35:39.540 | SUCCESS  | services.sspanel_mining.sspanel_classifier:_fine_node:121 - 实例正常 - [79/220] url=https://www.iacgbt.com/auth/register
2022-09-16 17:35:39.595 | INFO     | services.sspanel_mining.sspanel_classifier:_fall_register_limit_by_code:95 - 限制注册 - [80/220] url=https://www.ashin.us/auth/register
2022-09-16 17:35:39.686 | SUCCESS  | services.sspanel_mining.sspanel_classifier:_fine_node:121 - 实例正常 - [81/220] url=https://www.huaxiang.pro/auth/register
2022-09-16 17:35:39.687 | WARNING  | services.sspanel_mining.sspanel_classifier:_fall_danger:130 - 危险通信 - [82/220] url=http://www.cloudbb.win/auth/register
2022-09-16 17:35:39.741 | SUCCESS  | services.sspanel_mining.sspanel_classifier:_fine_node:121 - 实例正常 - [83/220] url=https://gkdcloud.shop/auth/register
2022-09-16 17:35:39.813 | SUCCESS  | services.sspanel_mining.sspanel_classifier:_fine_node:121 - 实例正常 - [84/220] url=https://nshfjy.xyz/auth/register
2022-09-16 17:35:39.831 | SUCCESS  | services.sspanel_mining.sspanel_classifier:_fine_node:121 - 实例正常 - [85/220] url=https://my.fyy.pw/auth/register
2022-09-16 17:35:39.847 | SUCCESS  | services.sspanel_mining.sspanel_classifier:_fine_node:121 - 实例正常 - [86/220] url=https://selaplane.com/auth/register
2022-09-16 17:35:39.881 | SUCCESS  | services.sspanel_mining.sspanel_classifier:_fine_node:121 - 实例正常 - [87/220] url=https://luoboquan2.top/auth/register
2022-09-16 17:35:39.895 | SUCCESS  | services.sspanel_mining.sspanel_classifier:_fine_node:121 - 实例正常 - [88/220] url=https://ricenet.best/auth/register
2022-09-16 17:35:39.940 | SUCCESS  | services.sspanel_mining.sspanel_classifier:_fine_node:121 - 实例正常 - [89/220] url=https://ssthy.com/auth/register
2022-09-16 17:35:39.979 | INFO     | services.sspanel_mining.sspanel_classifier:_fall_register_limit_by_email:75 - 限制注册 - [90/220] url=https://www.hnyhgl.com/auth/register
2022-09-16 17:35:39.996 | SUCCESS  | services.sspanel_mining.sspanel_classifier:_fine_node:121 - 实例正常 - [91/220] url=https://ftqpro.com/auth/register
2022-09-16 17:35:40.020 | SUCCESS  | services.sspanel_mining.sspanel_classifier:_fine_node:121 - 实例正常 - [92/220] url=https://www.firmanlo.top/auth/register
2022-09-16 17:35:40.084 | SUCCESS  | services.sspanel_mining.sspanel_classifier:_fine_node:121 - 实例正常 - [93/220] url=https://saocaozuo.me/auth/register
2022-09-16 17:35:40.102 | SUCCESS  | services.sspanel_mining.sspanel_classifier:_fine_node:121 - 实例正常 - [94/220] url=https://xyss.xyz/auth/register
2022-09-16 17:35:40.131 | INFO     | services.sspanel_mining.sspanel_classifier:_fall_register_limit_by_code:95 - 限制注册 - [95/220] url=https://fastpeak.net/auth/register
2022-09-16 17:35:40.189 | WARNING  | services.sspanel_mining.sspanel_classifier:_fall_register_closed:58 - 拒绝注册 - [96/220] url=https://vofolo.co/auth/register
2022-09-16 17:35:40.206 | SUCCESS  | services.sspanel_mining.sspanel_classifier:_fine_node:121 - 实例正常 - [97/220] url=https://renzhe.cloud/auth/register
2022-09-16 17:35:40.221 | SUCCESS  | services.sspanel_mining.sspanel_classifier:_fine_node:121 - 实例正常 - [98/220] url=https://jike391.com/auth/register
2022-09-16 17:35:40.297 | INFO     | services.sspanel_mining.sspanel_classifier:_fall_register_limit_by_code:95 - 限制注册 - [99/220] url=https://xtspeeder.com/auth/register
2022-09-16 17:35:40.367 | SUCCESS  | services.sspanel_mining.sspanel_classifier:_fine_node:121 - 实例正常 - [100/220] url=https://www.liuchangyun.com/auth/register
2022-09-16 17:35:40.395 | INFO     | services.sspanel_mining.sspanel_classifier:_fall_register_limit_by_code:95 - 限制注册 - [101/220] url=https://piecloud.xyz/auth/register
2022-09-16 17:35:40.411 | SUCCESS  | services.sspanel_mining.sspanel_classifier:_fine_node:121 - 实例正常 - [102/220] url=https://zerocloud.works/auth/register
2022-09-16 17:35:40.492 | SUCCESS  | services.sspanel_mining.sspanel_classifier:_fine_node:121 - 实例正常 - [103/220] url=https://www.ledlandi.com/auth/register
2022-09-16 17:35:40.519 | SUCCESS  | services.sspanel_mining.sspanel_classifier:_fine_node:121 - 实例正常 - [104/220] url=https://my.hkssnetwork.org/auth/register
2022-09-16 17:35:40.547 | INFO     | services.sspanel_mining.sspanel_classifier:_fall_register_limit_by_email:75 - 限制注册 - [105/220] url=https://www.luckyant.xyz/auth/register
2022-09-16 17:35:40.585 | SUCCESS  | services.sspanel_mining.sspanel_classifier:_fine_node:121 - 实例正常 - [106/220] url=https://www.freedog.pw/auth/register
2022-09-16 17:35:40.605 | SUCCESS  | services.sspanel_mining.sspanel_classifier:_fine_node:121 - 实例正常 - [107/220] url=https://www.wiougong.me/auth/register
2022-09-16 17:35:40.752 | INFO     | services.sspanel_mining.sspanel_classifier:_fall_register_limit_by_code:95 - 限制注册 - [108/220] url=https://moebi.in/auth/register
2022-09-16 17:35:40.819 | SUCCESS  | services.sspanel_mining.sspanel_classifier:_fine_node:121 - 实例正常 - [109/220] url=https://www.ooocloud.top/auth/register
2022-09-16 17:35:40.834 | SUCCESS  | services.sspanel_mining.sspanel_classifier:_fine_node:121 - 实例正常 - [110/220] url=https://ccave.com/auth/register
2022-09-16 17:35:40.834 | WARNING  | services.sspanel_mining.sspanel_classifier:_fall_danger:130 - 危险通信 - [111/220] url=http://140.238.10.38/auth/register
2022-09-16 17:35:40.905 | INFO     | services.sspanel_mining.sspanel_classifier:_fall_register_limit_by_email:75 - 限制注册 - [112/220] url=https://getluffy.asia/auth/register
2022-09-16 17:35:40.949 | SUCCESS  | services.sspanel_mining.sspanel_classifier:_fine_node:121 - 实例正常 - [113/220] url=https://yujiasu.click/auth/register
2022-09-16 17:35:40.964 | SUCCESS  | services.sspanel_mining.sspanel_classifier:_fine_node:121 - 实例正常 - [114/220] url=https://juzi111.com/auth/register
2022-09-16 17:35:40.984 | SUCCESS  | services.sspanel_mining.sspanel_classifier:_fine_node:121 - 实例正常 - [115/220] url=https://78ssr.in/auth/register
2022-09-16 17:35:41.030 | SUCCESS  | services.sspanel_mining.sspanel_classifier:_fine_node:121 - 实例正常 - [116/220] url=https://www.2233cloud.com/auth/register
2022-09-16 17:35:41.105 | INFO     | services.sspanel_mining.sspanel_classifier:_fall_register_limit_by_code:95 - 限制注册 - [117/220] url=https://wdnmd.click/auth/register
2022-09-16 17:35:41.121 | ERROR    | services.sspanel_mining.sspanel_classifier:control_driver:203 - 流量阻断 - [118/220] url=https://quanquanvip.top/auth/register
2022-09-16 17:35:41.155 | SUCCESS  | services.sspanel_mining.sspanel_classifier:_fine_node:121 - 实例正常 - [119/220] url=https://m.lemon77.im/auth/register
2022-09-16 17:35:41.156 | WARNING  | services.sspanel_mining.sspanel_classifier:_fall_danger:130 - 危险通信 - [120/220] url=http://freesock.us/auth/register
2022-09-16 17:35:41.173 | SUCCESS  | services.sspanel_mining.sspanel_classifier:_fine_node:121 - 实例正常 - [121/220] url=https://hifu365.com/auth/register
2022-09-16 17:35:41.228 | ERROR    | services.sspanel_mining.sspanel_classifier:control_driver:203 - 流量阻断 - [122/220] url=https://nebulaspeed.com/auth/register
2022-09-16 17:35:41.248 | SUCCESS  | services.sspanel_mining.sspanel_classifier:_fine_node:121 - 实例正常 - [123/220] url=https://vyun.one/auth/register
2022-09-16 17:35:41.268 | SUCCESS  | services.sspanel_mining.sspanel_classifier:_fine_node:121 - 实例正常 - [124/220] url=https://66yun101.xyz/auth/register
2022-09-16 17:35:41.285 | SUCCESS  | services.sspanel_mining.sspanel_classifier:_fine_node:121 - 实例正常 - [125/220] url=https://suying100.com/auth/register
2022-09-16 17:35:41.405 | ERROR    | services.sspanel_mining.sspanel_classifier:_fall_status:39 - 请求异常 - [126/220] url=https://www.flyun.org/auth/register
2022-09-16 17:35:41.471 | INFO     | services.sspanel_mining.sspanel_classifier:_fall_register_limit_by_code:95 - 限制注册 - [127/220] url=https://kk.sttkk.com/auth/register
2022-09-16 17:35:41.472 | WARNING  | services.sspanel_mining.sspanel_classifier:_fall_danger:130 - 危险通信 - [128/220] url=http://www.qqdou.cyou/auth/register
2022-09-16 17:35:41.521 | ERROR    | services.sspanel_mining.sspanel_classifier:control_driver:203 - 流量阻断 - [129/220] url=https://www.vvac.asia/auth/register
2022-09-16 17:35:41.661 | SUCCESS  | services.sspanel_mining.sspanel_classifier:_fine_node:121 - 实例正常 - [130/220] url=https://azi.azzico.cc/auth/register
2022-09-16 17:35:41.664 | WARNING  | services.sspanel_mining.sspanel_classifier:_fall_danger:130 - 危险通信 - [131/220] url=http://www.orangespeed.xyz/auth/register
2022-09-16 17:35:41.681 | SUCCESS  | services.sspanel_mining.sspanel_classifier:_fine_node:121 - 实例正常 - [132/220] url=https://pipkaport.xyz/auth/register
2022-09-16 17:35:41.742 | SUCCESS  | services.sspanel_mining.sspanel_classifier:_fine_node:121 - 实例正常 - [133/220] url=https://mrli.shop/auth/register
2022-09-16 17:35:41.782 | INFO     | services.sspanel_mining.sspanel_classifier:_fall_register_limit_by_code:95 - 限制注册 - [134/220] url=https://2mb.network/auth/register
2022-09-16 17:35:41.799 | INFO     | services.sspanel_mining.sspanel_classifier:_fall_register_limit_by_email:75 - 限制注册 - [135/220] url=https://echo99.xyz/auth/register
2022-09-16 17:35:41.842 | INFO     | services.sspanel_mining.sspanel_classifier:_fall_register_limit_by_email:75 - 限制注册 - [136/220] url=https://sufeiyun.com/auth/register
2022-09-16 17:35:41.868 | SUCCESS  | services.sspanel_mining.sspanel_classifier:_fine_node:121 - 实例正常 - [137/220] url=https://ssru6.pw/auth/register
2022-09-16 17:35:41.869 | WARNING  | services.sspanel_mining.sspanel_classifier:_fall_danger:130 - 危险通信 - [138/220] url=http://yzkj.best/auth/register
2022-09-16 17:35:41.879 | DEBUG    | services.sspanel_mining.sspanel_classifier:control_driver:219 - 检测失败 - [139/220] url=https://0x000.store/auth/register error=<CloudflareDefense>被迫中断且无法跳过
2022-09-16 17:35:41.931 | INFO     | services.sspanel_mining.sspanel_classifier:_fall_register_limit_by_email:75 - 限制注册 - [140/220] url=https://socloud.me/auth/register
2022-09-16 17:35:41.950 | SUCCESS  | services.sspanel_mining.sspanel_classifier:_fine_node:121 - 实例正常 - [141/220] url=https://www.onesy.top/auth/register
2022-09-16 17:35:42.028 | SUCCESS  | services.sspanel_mining.sspanel_classifier:_fine_node:121 - 实例正常 - [142/220] url=https://www.v2raya.vip/auth/register
2022-09-16 17:35:42.050 | SUCCESS  | services.sspanel_mining.sspanel_classifier:_fine_node:121 - 实例正常 - [143/220] url=https://www.91ftq.com/auth/register
2022-09-16 17:35:42.095 | INFO     | services.sspanel_mining.sspanel_classifier:_fall_register_limit_by_email:75 - 限制注册 - [144/220] url=https://paofu.cloud/auth/register
2022-09-16 17:35:42.118 | INFO     | services.sspanel_mining.sspanel_classifier:_fall_register_limit_by_code:95 - 限制注册 - [145/220] url=https://chnroute.com/auth/register
2022-09-16 17:35:42.134 | SUCCESS  | services.sspanel_mining.sspanel_classifier:_fine_node:121 - 实例正常 - [146/220] url=https://dotunnel005.com/auth/register
2022-09-16 17:35:42.148 | SUCCESS  | services.sspanel_mining.sspanel_classifier:_fine_node:121 - 实例正常 - [147/220] url=https://www.299.best/auth/register
2022-09-16 17:35:42.175 | SUCCESS  | services.sspanel_mining.sspanel_classifier:_fine_node:121 - 实例正常 - [148/220] url=https://1062c.one/auth/register
2022-09-16 17:35:42.263 | WARNING  | services.sspanel_mining.sspanel_classifier:_fall_register_closed:58 - 拒绝注册 - [149/220] url=https://www.offshoreview.xyz/auth/register
2022-09-16 17:35:42.263 | WARNING  | services.sspanel_mining.sspanel_classifier:_fall_danger:130 - 危险通信 - [150/220] url=http://ziyo.us/auth/register
2022-09-16 17:35:42.329 | INFO     | services.sspanel_mining.sspanel_classifier:_fall_register_limit_by_email:75 - 限制注册 - [151/220] url=https://netpad.cloud/auth/register
2022-09-16 17:35:42.352 | INFO     | services.sspanel_mining.sspanel_classifier:_fall_register_limit_by_email:75 - 限制注册 - [152/220] url=https://linbei.net/auth/register
2022-09-16 17:35:42.408 | SUCCESS  | services.sspanel_mining.sspanel_classifier:_fine_node:121 - 实例正常 - [153/220] url=https://www.yzcd.cc/auth/register
2022-09-16 17:35:42.478 | SUCCESS  | services.sspanel_mining.sspanel_classifier:_fine_node:121 - 实例正常 - [154/220] url=https://www.amatrixap.com/auth/register
2022-09-16 17:35:42.509 | SUCCESS  | services.sspanel_mining.sspanel_classifier:_fine_node:121 - 实例正常 - [155/220] url=https://ooicat.com/auth/register
2022-09-16 17:35:42.526 | CRITICAL | services.sspanel_mining.sspanel_classifier:control_driver:211 - 危险通信 - [156/220] url=https://104.208.112.183/auth/register
2022-09-16 17:35:42.539 | SUCCESS  | services.sspanel_mining.sspanel_classifier:_fine_node:121 - 实例正常 - [157/220] url=https://30dcloud.xyz/auth/register
2022-09-16 17:35:42.572 | SUCCESS  | services.sspanel_mining.sspanel_classifier:_fine_node:121 - 实例正常 - [158/220] url=https://mzones.work/auth/register
2022-09-16 17:35:42.572 | WARNING  | services.sspanel_mining.sspanel_classifier:_fall_danger:130 - 危险通信 - [159/220] url=http://www.ek12.life/auth/register
2022-09-16 17:35:42.661 | SUCCESS  | services.sspanel_mining.sspanel_classifier:_fine_node:121 - 实例正常 - [160/220] url=https://byjc.xyz/auth/register
2022-09-16 17:35:42.680 | SUCCESS  | services.sspanel_mining.sspanel_classifier:_fine_node:121 - 实例正常 - [161/220] url=https://dukan.monster/auth/register
2022-09-16 17:35:42.698 | INFO     | services.sspanel_mining.sspanel_classifier:_fall_register_limit_by_code:95 - 限制注册 - [162/220] url=https://tirkyxes.welcome2neverland.com/auth/register
2022-09-16 17:35:42.728 | SUCCESS  | services.sspanel_mining.sspanel_classifier:_fine_node:121 - 实例正常 - [163/220] url=https://rinki.xyz/auth/register
2022-09-16 17:35:42.763 | SUCCESS  | services.sspanel_mining.sspanel_classifier:_fine_node:121 - 实例正常 - [164/220] url=https://浦东国际机场.com/auth/register
2022-09-16 17:35:42.789 | SUCCESS  | services.sspanel_mining.sspanel_classifier:_fine_node:121 - 实例正常 - [165/220] url=https://www.duguletian.com/auth/register
2022-09-16 17:35:43.057 | SUCCESS  | services.sspanel_mining.sspanel_classifier:_fine_node:121 - 实例正常 - [166/220] url=https://fanqianga.top/auth/register
2022-09-16 17:35:43.113 | SUCCESS  | services.sspanel_mining.sspanel_classifier:_fine_node:121 - 实例正常 - [167/220] url=https://4thunter.net/auth/register
2022-09-16 17:35:43.113 | WARNING  | services.sspanel_mining.sspanel_classifier:_fall_danger:130 - 危险通信 - [168/220] url=http://bitecloud.xyz/auth/register
2022-09-16 17:35:43.129 | SUCCESS  | services.sspanel_mining.sspanel_classifier:_fine_node:121 - 实例正常 - [169/220] url=https://www.s-cat.win/auth/register
2022-09-16 17:35:43.137 | ERROR    | services.sspanel_mining.sspanel_classifier:control_driver:203 - 流量阻断 - [170/220] url=https://seoo.vip/auth/register
2022-09-16 17:35:43.138 | WARNING  | services.sspanel_mining.sspanel_classifier:_fall_danger:130 - 危险通信 - [171/220] url=http://catjun.top/auth/register
2022-09-16 17:35:43.138 | WARNING  | services.sspanel_mining.sspanel_classifier:_fall_danger:130 - 危险通信 - [172/220] url=http://6yhy.com/auth/register
2022-09-16 17:35:43.190 | WARNING  | services.sspanel_mining.sspanel_classifier:_fall_register_closed:58 - 拒绝注册 - [173/220] url=https://www.flixer.club/auth/register
2022-09-16 17:35:43.190 | WARNING  | services.sspanel_mining.sspanel_classifier:_fall_danger:130 - 危险通信 - [174/220] url=http://powa.asia/auth/register
2022-09-16 17:35:43.204 | SUCCESS  | services.sspanel_mining.sspanel_classifier:_fine_node:121 - 实例正常 - [175/220] url=https://sspiev2.com/auth/register
2022-09-16 17:35:43.205 | WARNING  | services.sspanel_mining.sspanel_classifier:_fall_danger:130 - 危险通信 - [176/220] url=http://seona.one/auth/register
2022-09-16 17:35:43.244 | INFO     | services.sspanel_mining.sspanel_classifier:_fall_register_limit_by_code:95 - 限制注册 - [177/220] url=https://emabc.xyz/auth/register
2022-09-16 17:35:43.286 | INFO     | services.sspanel_mining.sspanel_classifier:_fall_register_limit_by_code:95 - 限制注册 - [178/220] url=https://dash.project-cyber.com/auth/register
2022-09-16 17:35:43.311 | SUCCESS  | services.sspanel_mining.sspanel_classifier:_fine_node:121 - 实例正常 - [179/220] url=https://cn.xkv2ray.net/auth/register
2022-09-16 17:35:43.339 | SUCCESS  | services.sspanel_mining.sspanel_classifier:_fine_node:121 - 实例正常 - [180/220] url=https://gogoveepien8.xyz/auth/register
2022-09-16 17:35:43.346 | CRITICAL | services.sspanel_mining.sspanel_classifier:control_driver:211 - 危险通信 - [181/220] url=https://103.172.116.172/auth/register
2022-09-16 17:35:43.378 | SUCCESS  | services.sspanel_mining.sspanel_classifier:_fine_node:121 - 实例正常 - [182/220] url=https://gflink.net/auth/register
2022-09-16 17:35:43.442 | ERROR    | services.sspanel_mining.sspanel_classifier:control_driver:203 - 流量阻断 - [183/220] url=https://a1.linshituan.com/auth/register
2022-09-16 17:35:43.484 | INFO     | services.sspanel_mining.sspanel_classifier:_fall_register_limit_by_email:75 - 限制注册 - [184/220] url=https://arssr.top/auth/register
2022-09-16 17:35:43.508 | ERROR    | services.sspanel_mining.sspanel_classifier:_fall_status:39 - 请求异常 - [185/220] url=https://aa.goingsoftv.com/auth/register
2022-09-16 17:35:43.528 | SUCCESS  | services.sspanel_mining.sspanel_classifier:_fine_node:121 - 实例正常 - [186/220] url=https://web.bananaspeed.site/auth/register
2022-09-16 17:35:43.556 | SUCCESS  | services.sspanel_mining.sspanel_classifier:_fine_node:121 - 实例正常 - [187/220] url=https://27ssr.com/auth/register
2022-09-16 17:35:43.594 | INFO     | services.sspanel_mining.sspanel_classifier:_fall_register_limit_by_code:95 - 限制注册 - [188/220] url=https://eatpeach.top/auth/register
2022-09-16 17:35:43.770 | SUCCESS  | services.sspanel_mining.sspanel_classifier:_fine_node:121 - 实例正常 - [189/220] url=https://oceancloud.asia/auth/register
2022-09-16 17:35:43.836 | SUCCESS  | services.sspanel_mining.sspanel_classifier:_fine_node:121 - 实例正常 - [190/220] url=https://ppv2.cc/auth/register
2022-09-16 17:35:43.851 | ERROR    | services.sspanel_mining.sspanel_classifier:_fall_status:39 - 请求异常 - [191/220] url=https://www.qqdou.icu/auth/register
2022-09-16 17:35:43.887 | SUCCESS  | services.sspanel_mining.sspanel_classifier:_fine_node:121 - 实例正常 - [192/220] url=https://xinv2.com/auth/register
2022-09-16 17:35:43.905 | SUCCESS  | services.sspanel_mining.sspanel_classifier:_fine_node:121 - 实例正常 - [193/220] url=https://maossr.top/auth/register
2022-09-16 17:35:43.980 | SUCCESS  | services.sspanel_mining.sspanel_classifier:_fine_node:121 - 实例正常 - [194/220] url=https://protal.clsnetwork.co/auth/register
2022-09-16 17:35:44.065 | SUCCESS  | services.sspanel_mining.sspanel_classifier:_fine_node:121 - 实例正常 - [195/220] url=https://www.fangzhou.date/auth/register
2022-09-16 17:35:44.079 | SUCCESS  | services.sspanel_mining.sspanel_classifier:_fine_node:121 - 实例正常 - [196/220] url=https://ginfem.net/auth/register
2022-09-16 17:35:44.103 | SUCCESS  | services.sspanel_mining.sspanel_classifier:_fine_node:121 - 实例正常 - [197/220] url=https://ark.to/auth/register
2022-09-16 17:35:44.191 | SUCCESS  | services.sspanel_mining.sspanel_classifier:_fine_node:121 - 实例正常 - [198/220] url=https://geekssr.club/auth/register
2022-09-16 17:35:44.304 | SUCCESS  | services.sspanel_mining.sspanel_classifier:_fine_node:121 - 实例正常 - [199/220] url=https://www.181024.xyz/auth/register
2022-09-16 17:35:44.321 | SUCCESS  | services.sspanel_mining.sspanel_classifier:_fine_node:121 - 实例正常 - [200/220] url=https://ssrcool.com/auth/register
2022-09-16 17:35:44.402 | SUCCESS  | services.sspanel_mining.sspanel_classifier:_fine_node:121 - 实例正常 - [201/220] url=https://yuejisu.cc/auth/register
2022-09-16 17:35:44.402 | WARNING  | services.sspanel_mining.sspanel_classifier:_fall_danger:130 - 危险通信 - [202/220] url=http://wanda123.xyz/auth/register
2022-09-16 17:35:44.462 | WARNING  | services.sspanel_mining.sspanel_classifier:_fall_register_closed:58 - 拒绝注册 - [203/220] url=https://dukou.dev/auth/register
2022-09-16 17:35:44.478 | ERROR    | services.sspanel_mining.sspanel_classifier:_fall_status:39 - 请求异常 - [204/220] url=https://www.x-max.buzz/auth/register
2022-09-16 17:35:44.499 | SUCCESS  | services.sspanel_mining.sspanel_classifier:_fine_node:121 - 实例正常 - [205/220] url=https://www.paopaoyun.fun/auth/register
2022-09-16 17:35:44.529 | SUCCESS  | services.sspanel_mining.sspanel_classifier:_fine_node:121 - 实例正常 - [206/220] url=https://88cloud.top/auth/register
2022-09-16 17:35:44.631 | INFO     | services.sspanel_mining.sspanel_classifier:_fall_register_limit_by_email:75 - 限制注册 - [207/220] url=https://www.ftwssr.com/auth/register
2022-09-16 17:35:44.646 | SUCCESS  | services.sspanel_mining.sspanel_classifier:_fine_node:121 - 实例正常 - [208/220] url=https://fafoot.net/auth/register
2022-09-16 17:35:44.662 | SUCCESS  | services.sspanel_mining.sspanel_classifier:_fine_node:121 - 实例正常 - [209/220] url=https://poigvvv.xyz/auth/register
2022-09-16 17:35:44.843 | SUCCESS  | services.sspanel_mining.sspanel_classifier:_fine_node:121 - 实例正常 - [210/220] url=https://www.mjjspeed.com/auth/register
2022-09-16 17:35:44.859 | SUCCESS  | services.sspanel_mining.sspanel_classifier:_fine_node:121 - 实例正常 - [211/220] url=https://www.299323.xyz/auth/register
2022-09-16 17:35:44.872 | WARNING  | services.sspanel_mining.sspanel_classifier:_fall_register_closed:58 - 拒绝注册 - [212/220] url=https://www.yournetspeeder.xyz/auth/register
2022-09-16 17:35:44.887 | SUCCESS  | services.sspanel_mining.sspanel_classifier:_fine_node:121 - 实例正常 - [213/220] url=https://wgy0.com/auth/register
2022-09-16 17:35:45.016 | SUCCESS  | services.sspanel_mining.sspanel_classifier:_fine_node:121 - 实例正常 - [214/220] url=https://dripcloud.uno/auth/register
2022-09-16 17:35:45.016 | WARNING  | services.sspanel_mining.sspanel_classifier:_fall_danger:130 - 危险通信 - [215/220] url=http://www.qiuniu.top/auth/register
2022-09-16 17:35:45.028 | WARNING  | services.sspanel_mining.sspanel_classifier:_fall_register_closed:58 - 拒绝注册 - [216/220] url=https://laov888.com/auth/register
2022-09-16 17:35:45.051 | SUCCESS  | services.sspanel_mining.sspanel_classifier:_fine_node:121 - 实例正常 - [217/220] url=https://xixi0001.com/auth/register
2022-09-16 17:35:45.207 | SUCCESS  | services.sspanel_mining.sspanel_classifier:_fine_node:121 - 实例正常 - [218/220] url=https://kuli888.xyz/auth/register
2022-09-16 17:35:45.230 | WARNING  | services.sspanel_mining.sspanel_classifier:_fall_register_closed:58 - 拒绝注册 - [219/220] url=https://futawall.com/auth/register
2022-09-16 17:35:45.345 | INFO     | services.sspanel_mining.sspanel_classifier:_fall_register_limit_by_email:75 - 限制注册 - [220/220] url=https://www.chenxing.gq/auth/register
2022-09-16 17:35:45.355 | INFO     | services.sspanel_mining.sspanel_classifier:_fall_register_limit_by_email:75 - 限制注册 - [220/220] url=https://socloud.fun/auth/register
2022-09-16 17:35:45.366 | SUCCESS  | services.sspanel_mining.sspanel_classifier:_fine_node:121 - 实例正常 - [220/220] url=https://www.gfwssg.com/auth/register
2022-09-16 17:35:45.593 | INFO     | services.sspanel_mining.sspanel_classifier:_fall_register_limit_by_code:95 - 限制注册 - [220/220] url=https://www.fq.mk/auth/register
2022-09-16 17:35:45.691 | WARNING  | services.sspanel_mining.sspanel_classifier:_fall_register_closed:58 - 拒绝注册 - [220/220] url=https://www.tannel.xyz/auth/register
2022-09-16 17:35:45.701 | INFO     | services.sspanel_mining.sspanel_classifier:_fall_register_limit_by_code:95 - 限制注册 - [220/220] url=https://v2plus.cc/auth/register
2022-09-16 17:35:45.744 | SUCCESS  | services.sspanel_mining.sspanel_classifier:_fine_node:121 - 实例正常 - [220/220] url=https://www.cxkv2.xyz/auth/register
2022-09-16 17:35:45.861 | SUCCESS  | services.sspanel_mining.sspanel_classifier:_fine_node:121 - 实例正常 - [220/220] url=https://pro.fswk.net/auth/register
2022-09-16 17:35:46.416 | WARNING  | services.sspanel_mining.sspanel_classifier:_fall_register_closed:58 - 拒绝注册 - [220/220] url=https://satori.top/auth/register
2022-09-16 17:35:52.538 | ERROR    | services.sspanel_mining.sspanel_classifier:control_driver:203 - 流量阻断 - [220/220] url=https://xpservice.org/auth/register
2022-09-16 17:36:00.033 | WARNING  | services.sspanel_mining.sspanel_classifier:_fall_register_closed:58 - 拒绝注册 - [220/220] url=https://airdream.xyz/auth/register
2022-09-16 17:36:14.332 | ERROR    | services.sspanel_mining.sspanel_classifier:_fall_status:39 - 请求异常 - [220/220] url=https://pluto.aaxc.club/auth/register
2022-09-16 17:36:15.731 | ERROR    | services.sspanel_mining.sspanel_classifier:_fall_status:39 - 请求异常 - [220/220] url=https://nightswatchcdn.com/auth/register
2022-09-16 17:36:16.181 | ERROR    | services.sspanel_mining.sspanel_classifier:_fall_status:39 - 请求异常 - [220/220] url=https://zzkayun.com/auth/register
2022-09-16 17:36:37.441 | ERROR    | services.sspanel_mining.sspanel_classifier:control_driver:203 - 流量阻断 - [220/220] url=https://airleap.pw/auth/register
2022-09-16 17:36:40.263 | ERROR    | services.sspanel_mining.sspanel_classifier:control_driver:230 - 响应超时 - [220/220] url=https://feisucloud.net/auth/register
2022-09-16 17:36:40.265 | SUCCESS  | apis.scaffold.mining:preview:186 - 清洗完毕 - path=/home/runner/work/airportMining/airportMining/src/database/sspanel_hosts/classifier/mining_2022-09-16 17-36-40.csv
2023-01-29 15:12:56.940 | DEBUG    | apis.scaffold.install:run:47 - 正在下载系统依赖
2023-01-29 15:12:56.940 | DEBUG    | apis.scaffold.install:_download_driver:26 - 适配 ChromeDriver...
2023-01-29 15:12:57.746 | SUCCESS  | apis.scaffold.install:run:53 - 系统依赖下载完毕
2023-01-29 15:13:08.033 | DEBUG    | services.sspanel_mining.sspanel_classifier:__init__:17 - 本机代理状态 PROXY={}
2023-01-29 15:13:08.136 | WARNING  | services.sspanel_mining.sspanel_classifier:_fall_danger:130 - 危险通信 - [__pending__] url=http://v2cloud.site/auth/register
2023-01-29 15:13:08.518 | CRITICAL | services.sspanel_mining.sspanel_classifier:control_driver:211 - 危险通信 - [10/10] url=https://103.172.116.172/auth/register
2023-01-29 15:13:09.002 | SUCCESS  | services.sspanel_mining.sspanel_classifier:_fine_node:121 - 实例正常 - [10/10] url=https://www.shidongli133.xyz/auth/register
2023-01-29 15:13:09.014 | ERROR    | services.sspanel_mining.sspanel_classifier:control_driver:203 - 流量阻断 - [10/10] url=https://quanquanvip.top/auth/register
2023-01-29 15:13:09.021 | SUCCESS  | services.sspanel_mining.sspanel_classifier:_fine_node:121 - 实例正常 - [10/10] url=https://my.fyy.pw/auth/register
2023-01-29 15:13:09.028 | SUCCESS  | services.sspanel_mining.sspanel_classifier:_fine_node:121 - 实例正常 - [10/10] url=https://88xxa.one/auth/register
2023-01-29 15:13:09.081 | SUCCESS  | services.sspanel_mining.sspanel_classifier:_fine_node:121 - 实例正常 - [10/10] url=https://少数人.moe/auth/register
2023-01-29 15:13:09.128 | INFO     | services.sspanel_mining.sspanel_classifier:_fall_register_limit_by_email:75 - 限制注册 - [10/10] url=https://getluffy.asia/auth/register
2023-01-29 15:13:09.439 | ERROR    | services.sspanel_mining.sspanel_classifier:_fall_status:39 - 请求异常 - [10/10] url=https://by1.qqdou.cyou/auth/register
2023-01-29 15:13:10.027 | INFO     | services.sspanel_mining.sspanel_classifier:_fall_register_limit_by_email:75 - 限制注册 - [10/10] url=https://miru.cloud/auth/register
2023-01-29 15:13:10.028 | SUCCESS  | apis.scaffold.mining:preview:186 - 清洗完毕 - path=/home/runner/work/airportMining/airportMining/src/database/sspanel_hosts/classifier/mining_2023-01-29 15-13-10.csv
2023-01-30 14:38:15.323 | DEBUG    | apis.scaffold.install:run:47 - 正在下载系统依赖
2023-01-30 14:38:15.323 | DEBUG    | apis.scaffold.install:_download_driver:26 - 适配 ChromeDriver...
2023-01-30 14:38:16.950 | SUCCESS  | apis.scaffold.install:run:53 - 系统依赖下载完毕
2023-01-30 14:38:31.299 | DEBUG    | services.sspanel_mining.sspanel_classifier:__init__:17 - 本机代理状态 PROXY={}
2023-01-30 14:38:31.300 | WARNING  | services.sspanel_mining.sspanel_classifier:_fall_danger:130 - 危险通信 - [__pending__] url=http://v2cloud.site/auth/register
2023-01-30 14:38:31.980 | CRITICAL | services.sspanel_mining.sspanel_classifier:control_driver:211 - 危险通信 - [10/10] url=https://103.172.116.172/auth/register
2023-01-30 14:38:31.997 | SUCCESS  | services.sspanel_mining.sspanel_classifier:_fine_node:121 - 实例正常 - [10/10] url=https://my.fyy.pw/auth/register
2023-01-30 14:38:32.138 | SUCCESS  | services.sspanel_mining.sspanel_classifier:_fine_node:121 - 实例正常 - [10/10] url=https://88xxa.one/auth/register
2023-01-30 14:38:32.298 | INFO     | services.sspanel_mining.sspanel_classifier:_fall_register_limit_by_email:75 - 限制注册 - [10/10] url=https://getluffy.asia/auth/register
2023-01-30 14:38:32.319 | SUCCESS  | services.sspanel_mining.sspanel_classifier:_fine_node:121 - 实例正常 - [10/10] url=https://www.shidongli133.xyz/auth/register
2023-01-30 14:38:32.393 | SUCCESS  | services.sspanel_mining.sspanel_classifier:_fine_node:121 - 实例正常 - [10/10] url=https://少数人.moe/auth/register
2023-01-30 14:38:32.466 | SUCCESS  | services.sspanel_mining.sspanel_classifier:_fine_node:121 - 实例正常 - [10/10] url=https://www.ssrmo.co/auth/register
2023-01-30 14:38:32.744 | ERROR    | services.sspanel_mining.sspanel_classifier:_fall_status:39 - 请求异常 - [10/10] url=https://by1.qqdou.cyou/auth/register
2023-01-30 14:38:34.535 | INFO     | services.sspanel_mining.sspanel_classifier:_fall_register_limit_by_email:75 - 限制注册 - [10/10] url=https://miru.cloud/auth/register
2023-01-30 14:38:34.536 | SUCCESS  | apis.scaffold.mining:preview:186 - 清洗完毕 - path=/home/runner/work/airportMining/airportMining/src/database/sspanel_hosts/classifier/mining_2023-01-30 14-38-34.csv
